No files changed, compilation skipped

Ran 6 tests for test/final_mnt4_pairing/MNT4PairingVerifier.t.sol:MNT4PairingVerifierTest
[PASS] testVerifyMultiPairingAcceptsBoundStatement() (gas: 37134)
[PASS] testVerifyMultiPairingRejectsLengthMismatch() (gas: 15003)
[PASS] testVerifyMultiPairingRejectsTooManyPairs() (gas: 38378)
[PASS] testVerifySinglePairingAcceptsBoundStatement() (gas: 22003)
[PASS] testVerifySinglePairingRejectsBadLineCommitment() (gas: 13454)
[PASS] testVerifySinglePairingRejectsTamperedResult() (gas: 27164)
Suite result: ok. 6 passed; 0 failed; 0 skipped; finished in 3.35ms (2.07ms CPU time)

Ran 3 tests for test/final_mnt4_pairing/MNT4PairingProofChecker.t.sol:MNT4PairingProofCheckerTest
[PASS] testNeutralCheckerBindsStatementHash() (gas: 336102)
[PASS] testNeutralCheckerRejectsTamperedSignal() (gas: 325321)
[PASS] testRealProofFixtureVerifiesThroughNeutralChecker() (gas: 325283)
Suite result: ok. 3 passed; 0 failed; 0 skipped; finished in 7.48ms (13.56ms CPU time)

Ran 7 tests for test/final_mnt4_pairing/MNT4PairingFinalE2E.t.sol:MNT4PairingFinalE2ETest
[PASS] testFinalMainContractRejectsTamperedFinalExponentiationCommitment() (gas: 25164)
[PASS] testFinalMainContractRejectsTamperedLineCommitment() (gas: 24329)
[PASS] testFinalMainContractRejectsTamperedMillerTraceCommitment() (gas: 25150)
[PASS] testFinalMainContractRejectsTamperedPoint() (gas: 25142)
[PASS] testFinalMainContractRejectsTamperedQ() (gas: 26005)
[PASS] testFinalMainContractRejectsTamperedResultDigest() (gas: 24055)
[PASS] testFinalMainContractVerifiesRealProofEnvelope() (gas: 343435)
Suite result: ok. 7 passed; 0 failed; 0 skipped; finished in 587.54ms (7.58ms CPU time)

Ran 3 tests for test/final_mnt4_pairing/BN254PrecompileBoolFuzz.t.sol:BN254PrecompileBoolFuzzTest
[PASS] testEmptyInputReturnsTrueInBothPaths() (gas: 145937)
[PASS] testFuzzWrapperMatchesRawPrecompileBoolean(bytes) (runs: 256, μ: 2002433, ~: 2009879)
[PASS] testSingleValidGeneratorPairReturnsSameBoolean() (gas: 2006992)
Suite result: ok. 3 passed; 0 failed; 0 skipped; finished in 587.63ms (9.12ms CPU time)

Ran 4 tests for test/final_mnt4_pairing/MNT4FinalArkworksCrossCheck.t.sol:MNT4FinalArkworksCrossCheckTest
[PASS] testFinalFolderFpArithmeticMatchesArkworks() (gas: 2913414)
[PASS] testFinalFolderFq2ArithmeticMatchesArkworks() (gas: 2983507)
[PASS] testFinalFolderFq4ArithmeticMatchesArkworks() (gas: 3184866)
[PASS] testFinalFolderParametricQPairingDigestMatchesArkworksConventionSet() (gas: 259719954)
Suite result: ok. 4 passed; 0 failed; 0 skipped; finished in 587.66ms (616.99ms CPU time)

╭-----------------------------------------------------------------------+-----------------+-------+--------+--------+---------╮
| src/final_mnt4_pairing/MNT4PairingFinal.sol:MNT4PairingFinal Contract |                 |       |        |        |         |
+=============================================================================================================================+
| Deployment Cost                                                       | Deployment Size |       |        |        |         |
|-----------------------------------------------------------------------+-----------------+-------+--------+--------+---------|
| 2168299                                                               | 10002           |       |        |        |         |
|-----------------------------------------------------------------------+-----------------+-------+--------+--------+---------|
|                                                                       |                 |       |        |        |         |
|-----------------------------------------------------------------------+-----------------+-------+--------+--------+---------|
| Function Name                                                         | Min             | Avg   | Median | Max    | # Calls |
|-----------------------------------------------------------------------+-----------------+-------+--------+--------+---------|
| verifyPairingClaim                                                    | 4751            | 51618 | 5966   | 327151 | 7       |
╰-----------------------------------------------------------------------+-----------------+-------+--------+--------+---------╯

╭-------------------------------------------------------------------------------------+-----------------+--------+--------+--------+---------╮
| src/final_mnt4_pairing/MNT4PairingProofChecker.sol:MNT4PairingProofChecker Contract |                 |        |        |        |         |
+============================================================================================================================================+
| Deployment Cost                                                                     | Deployment Size |        |        |        |         |
|-------------------------------------------------------------------------------------+-----------------+--------+--------+--------+---------|
| 361398                                                                              | 1614            |        |        |        |         |
|-------------------------------------------------------------------------------------+-----------------+--------+--------+--------+---------|
|                                                                                     |                 |        |        |        |         |
|-------------------------------------------------------------------------------------+-----------------+--------+--------+--------+---------|
| Function Name                                                                       | Min             | Avg    | Median | Max    | # Calls |
|-------------------------------------------------------------------------------------+-----------------+--------+--------+--------+---------|
| verify                                                                              | 4090            | 212831 | 317202 | 317202 | 3       |
|-------------------------------------------------------------------------------------+-----------------+--------+--------+--------+---------|
| verifyForPublicSignals                                                              | 317112          | 317112 | 317112 | 317112 | 2       |
╰-------------------------------------------------------------------------------------+-----------------+--------+--------+--------+---------╯

╭-----------------------------------------------------------------------------+-----------------+------+--------+------+---------╮
| src/final_mnt4_pairing/MNT4PairingVerifier.sol:MNT4PairingVerifier Contract |                 |      |        |      |         |
+================================================================================================================================+
| Deployment Cost                                                             | Deployment Size |      |        |      |         |
|-----------------------------------------------------------------------------+-----------------+------+--------+------+---------|
| 902862                                                                      | 4206            |      |        |      |         |
|-----------------------------------------------------------------------------+-----------------+------+--------+------+---------|
|                                                                             |                 |      |        |      |         |
|-----------------------------------------------------------------------------+-----------------+------+--------+------+---------|
| Function Name                                                               | Min             | Avg  | Median | Max  | # Calls |
|-----------------------------------------------------------------------------+-----------------+------+--------+------+---------|
| hashMultiStatement                                                          | 4623            | 4623 | 4623   | 4623 | 1       |
|-----------------------------------------------------------------------------+-----------------+------+--------+------+---------|
| hashSingleStatement                                                         | 1719            | 1719 | 1719   | 1719 | 2       |
|-----------------------------------------------------------------------------+-----------------+------+--------+------+---------|
| verifyMultiPairing                                                          | 991             | 3526 | 1013   | 8574 | 3       |
|-----------------------------------------------------------------------------+-----------------+------+--------+------+---------|
| verifySinglePairing                                                         | 700             | 3984 | 5625   | 5627 | 3       |
╰-----------------------------------------------------------------------------+-----------------+------+--------+------+---------╯

╭-------------------------------------------------------------------------------------+-----------------+--------+--------+--------+---------╮
| src/final_mnt4_pairing/MNT4ProofSystemVerifier.sol:MNT4ProofSystemVerifier Contract |                 |        |        |        |         |
+============================================================================================================================================+
| Deployment Cost                                                                     | Deployment Size |        |        |        |         |
|-------------------------------------------------------------------------------------+-----------------+--------+--------+--------+---------|
| 943981                                                                              | 4146            |        |        |        |         |
|-------------------------------------------------------------------------------------+-----------------+--------+--------+--------+---------|
|                                                                                     |                 |        |        |        |         |
|-------------------------------------------------------------------------------------+-----------------+--------+--------+--------+---------|
| Function Name                                                                       | Min             | Avg    | Median | Max    | # Calls |
|-------------------------------------------------------------------------------------+-----------------+--------+--------+--------+---------|
| verifyProof                                                                         | 307358          | 307358 | 307358 | 307358 | 4       |
╰-------------------------------------------------------------------------------------+-----------------+--------+--------+--------+---------╯

╭------------------------------------------------------------------------------------+-----------------+-----+--------+-----+---------╮
| test/final_mnt4_pairing/MNT4PairingVerifier.t.sol:EchoPairingProofChecker Contract |                 |     |        |     |         |
+=====================================================================================================================================+
| Deployment Cost                                                                    | Deployment Size |     |        |     |         |
|------------------------------------------------------------------------------------+-----------------+-----+--------+-----+---------|
| 100995                                                                             | 244             |     |        |     |         |
|------------------------------------------------------------------------------------+-----------------+-----+--------+-----+---------|
|                                                                                    |                 |     |        |     |         |
|------------------------------------------------------------------------------------+-----------------+-----+--------+-----+---------|
| Function Name                                                                      | Min             | Avg | Median | Max | # Calls |
|------------------------------------------------------------------------------------+-----------------+-----+--------+-----+---------|
| verify                                                                             | 384             | 384 | 384    | 384 | 3       |
╰------------------------------------------------------------------------------------+-----------------+-----+--------+-----+---------╯

╭----------------------------------------------------------------------------------------------+-----------------+--------+---------+---------+---------╮
| test/final_mnt4_pairing/support/BN254PairingBoolWrapper.sol:BN254PairingBoolWrapper Contract |                 |        |         |         |         |
+=======================================================================================================================================================+
| Deployment Cost                                                                              | Deployment Size |        |         |         |         |
|----------------------------------------------------------------------------------------------+-----------------+--------+---------+---------+---------|
| 130453                                                                                       | 383             |        |         |         |         |
|----------------------------------------------------------------------------------------------+-----------------+--------+---------+---------+---------|
|                                                                                              |                 |        |         |         |         |
|----------------------------------------------------------------------------------------------+-----------------+--------+---------+---------+---------|
| Function Name                                                                                | Min             | Avg    | Median  | Max     | # Calls |
|----------------------------------------------------------------------------------------------+-----------------+--------+---------+---------+---------|
| verify                                                                                       | 45814           | 989725 | 1000781 | 1000847 | 259     |
╰----------------------------------------------------------------------------------------------+-----------------+--------+---------+---------+---------╯

╭------------------------------------------------------------------------------------------------+-----------------+-----------+-----------+-----------+---------╮
| test/final_mnt4_pairing/support/MNT4FinalArkworksHarness.sol:MNT4FinalArkworksHarness Contract |                 |           |           |           |         |
+================================================================================================================================================================+
| Deployment Cost                                                                                | Deployment Size |           |           |           |         |
|------------------------------------------------------------------------------------------------+-----------------+-----------+-----------+-----------+---------|
| 5441632                                                                                        | 24949           |           |           |           |         |
|------------------------------------------------------------------------------------------------+-----------------+-----------+-----------+-----------+---------|
|                                                                                                |                 |           |           |           |         |
|------------------------------------------------------------------------------------------------+-----------------+-----------+-----------+-----------+---------|
| Function Name                                                                                  | Min             | Avg       | Median    | Max       | # Calls |
|------------------------------------------------------------------------------------------------+-----------------+-----------+-----------+-----------+---------|
| digestFq4                                                                                      | 3222            | 3222      | 3222      | 3222      | 2       |
|------------------------------------------------------------------------------------------------+-----------------+-----------+-----------+-----------+---------|
| fpAddCanonical                                                                                 | 2227            | 2227      | 2227      | 2227      | 1       |
|------------------------------------------------------------------------------------------------+-----------------+-----------+-----------+-----------+---------|
| fpInvCanonical                                                                                 | 2857098         | 2857098   | 2857098   | 2857098   | 1       |
|------------------------------------------------------------------------------------------------+-----------------+-----------+-----------+-----------+---------|
| fpMulCanonical                                                                                 | 14205           | 14205     | 14205     | 14205     | 1       |
|------------------------------------------------------------------------------------------------+-----------------+-----------+-----------+-----------+---------|
| fpSqrCanonical                                                                                 | 10215           | 10215     | 10215     | 10215     | 1       |
|------------------------------------------------------------------------------------------------+-----------------+-----------+-----------+-----------+---------|
| fpSubCanonical                                                                                 | 2280            | 2280      | 2280      | 2280      | 1       |
|------------------------------------------------------------------------------------------------+-----------------+-----------+-----------+-----------+---------|
| fq2InvCanonical                                                                                | 2893689         | 2893689   | 2893689   | 2893689   | 1       |
|------------------------------------------------------------------------------------------------+-----------------+-----------+-----------+-----------+---------|
| fq2MulCanonical                                                                                | 37378           | 37378     | 37378     | 37378     | 1       |
|------------------------------------------------------------------------------------------------+-----------------+-----------+-----------+-----------+---------|
| fq2SqrCanonical                                                                                | 27657           | 27657     | 27657     | 27657     | 1       |
|------------------------------------------------------------------------------------------------+-----------------+-----------+-----------+-----------+---------|
| fq4InvCanonical                                                                                | 2967425         | 2967425   | 2967425   | 2967425   | 1       |
|------------------------------------------------------------------------------------------------+-----------------+-----------+-----------+-----------+---------|
| fq4MulCanonical                                                                                | 101512          | 101512    | 101512    | 101512    | 1       |
|------------------------------------------------------------------------------------------------+-----------------+-----------+-----------+-----------+---------|
| fq4SqrCanonical                                                                                | 74721           | 74721     | 74721     | 74721     | 1       |
|------------------------------------------------------------------------------------------------+-----------------+-----------+-----------+-----------+---------|
| tatePairingParametricQOnchainDigest                                                            | 259693382       | 259693382 | 259693382 | 259693382 | 1       |
╰------------------------------------------------------------------------------------------------+-----------------+-----------+-----------+-----------+---------╯


Ran 5 test suites in 596.37ms (1.77s CPU time): 23 tests passed, 0 failed, 0 skipped (23 total tests)
